Warning[207] /home/gugo/MPLABXProjects/pic-led-controller.X/main.asm 263 : Found label after column 1. (GET_PIECE_LOOP)
Warning[207] /home/gugo/MPLABXProjects/pic-led-controller.X/main.asm 276 : Found label after column 1. (PRINT_PIECE_LOOP)
Warning[207] /home/gugo/MPLABXProjects/pic-led-controller.X/main.asm 311 : Found label after column 1. (ROTATION_RESET)
Warning[207] /home/gugo/MPLABXProjects/pic-led-controller.X/main.asm 354 : Found label after column 1. (REVERSE_LOOP)
Warning[207] /home/gugo/MPLABXProjects/pic-led-controller.X/main.asm 401 : Found label after column 1. (SEND_RESET_HIGH)
Warning[207] /home/gugo/MPLABXProjects/pic-led-controller.X/main.asm 408 : Found label after column 1. (SEND_RESET)
Warning[207] /home/gugo/MPLABXProjects/pic-led-controller.X/main.asm 418 : Found label after column 1. (COLUMN_LOOP)
Warning[207] /home/gugo/MPLABXProjects/pic-led-controller.X/main.asm 430 : Found label after column 1. (COLUMN_BIT)
Warning[207] /home/gugo/MPLABXProjects/pic-led-controller.X/main.asm 472 : Found label after column 1. (GREEN_LOOP)
Warning[207] /home/gugo/MPLABXProjects/pic-led-controller.X/main.asm 480 : Found label after column 1. (LOOP_GREEN_SHORT)
Warning[207] /home/gugo/MPLABXProjects/pic-led-controller.X/main.asm 483 : Found label after column 1. (LOOP_GREEN_END)
Warning[207] /home/gugo/MPLABXProjects/pic-led-controller.X/main.asm 526 : Found label after column 1. (RED_LOOP)
Warning[207] /home/gugo/MPLABXProjects/pic-led-controller.X/main.asm 534 : Found label after column 1. (LOOP_RED_SHORT)
Warning[207] /home/gugo/MPLABXProjects/pic-led-controller.X/main.asm 537 : Found label after column 1. (LOOP_RED_END)
Warning[207] /home/gugo/MPLABXProjects/pic-led-controller.X/main.asm 580 : Found label after column 1. (BLUE_LOOP)
Warning[207] /home/gugo/MPLABXProjects/pic-led-controller.X/main.asm 588 : Found label after column 1. (LOOP_BLUE_SHORT)
Warning[207] /home/gugo/MPLABXProjects/pic-led-controller.X/main.asm 591 : Found label after column 1. (LOOP_BLUE_END)
Message[302] /home/gugo/MPLABXProjects/pic-led-controller.X/main.asm 614 : Register in operand not in bank 0.  Ensure that bank bits are correct.
Message[302] /home/gugo/MPLABXProjects/pic-led-controller.X/main.asm 615 : Register in operand not in bank 0.  Ensure that bank bits are correct.
Message[302] /home/gugo/MPLABXProjects/pic-led-controller.X/main.asm 617 : Register in operand not in bank 0.  Ensure that bank bits are correct.
Message[302] /home/gugo/MPLABXProjects/pic-led-controller.X/main.asm 618 : Register in operand not in bank 0.  Ensure that bank bits are correct.
Message[302] /home/gugo/MPLABXProjects/pic-led-controller.X/main.asm 620 : Register in operand not in bank 0.  Ensure that bank bits are correct.
Message[302] /home/gugo/MPLABXProjects/pic-led-controller.X/main.asm 626 : Register in operand not in bank 0.  Ensure that bank bits are correct.
Message[302] /home/gugo/MPLABXProjects/pic-led-controller.X/main.asm 627 : Register in operand not in bank 0.  Ensure that bank bits are correct.
Message[302] /home/gugo/MPLABXProjects/pic-led-controller.X/main.asm 628 : Register in operand not in bank 0.  Ensure that bank bits are correct.
Message[302] /home/gugo/MPLABXProjects/pic-led-controller.X/main.asm 634 : Register in operand not in bank 0.  Ensure that bank bits are correct.
Warning[207] /home/gugo/MPLABXProjects/pic-led-controller.X/main.asm 635 : Found label after column 1. (WAIT_START_UP)
Message[302] /home/gugo/MPLABXProjects/pic-led-controller.X/main.asm 636 : Register in operand not in bank 0.  Ensure that bank bits are correct.
Warning[207] /home/gugo/MPLABXProjects/pic-led-controller.X/main.asm 657 : Found label after column 1. (INITIALIZE)
Warning[207] /home/gugo/MPLABXProjects/pic-led-controller.X/main.asm 679 : Found label after column 1. (LOGIC_LOOP)
Warning[207] /home/gugo/MPLABXProjects/pic-led-controller.X/main.asm 717 : Found label after column 1. (BRC6)
Warning[207] /home/gugo/MPLABXProjects/pic-led-controller.X/main.asm 730 : Found label after column 1. (BRC5)
Warning[207] /home/gugo/MPLABXProjects/pic-led-controller.X/main.asm 743 : Found label after column 1. (BRC4)
Warning[207] /home/gugo/MPLABXProjects/pic-led-controller.X/main.asm 756 : Found label after column 1. (BEND)
Warning[207] /home/gugo/MPLABXProjects/pic-led-controller.X/main.asm 777 : Found label after column 1. (END_LOGIC)
Warning[205] /home/gugo/MPLABXProjects/pic-led-controller.X/main.asm 781 : Found directive in column 1. (END)
