MPASM 5.82  /HOME/GUGO/MPLABXPROJECTS/PIC-LE   1-28-2019  22:27:06         PAGE  1


LOC  OBJECT CODE     LINE SOURCE TEXT
  VALUE

                      00001 ;Copyright (C) 2019 Gugolple
                      00002 
                      00003 ;This program is free software; you can redistribute it and/or
                      00004 ;modify it under the terms of the GNU General Public License
                      00005 ;as published by the Free Software Foundation; either version 2
                      00006 ;of the License, or (at your option) any later version.
                      00007 
                      00008 ;This program is distributed in the hope that it will be useful,
                      00009 ;but WITHOUT ANY WARRANTY; without even the implied warranty of
                      00010 ;MERCHANTABILITY or FITNESS FOR A PARTICULAR PURPOSE.  See the
                      00011 ;GNU General Public License for more details.
                      00012 
                      00013 ;You should have received a copy of the GNU General Public License
                      00014 ;along with this program; if not, write to the Free Software
                      00015 ;Foundation, Inc., 51 Franklin Street, Fifth Floor, Boston, MA  02110-1301, USA.
                      00016     
                      00017     
                      00018     
                      00019 ; TODO INSERT CONFIG CODE HERE USING CONFIG BITS GENERATOR
                      00020 #include <p16f690.inc>
                      00001         LIST
                      00002 
                      00003 ;==========================================================================
                      00004 ; Build date : Sep 19 2018
                      00005 ;  MPASM PIC16F690 processor include
                      00006 ; 
                      00007 ;  (c) Copyright 1999-2018 Microchip Technology, All rights reserved
                      00008 ;==========================================================================
                      00009 
                      00757         LIST
2007   38D2           00021     __config (_HS_OSC & _WDT_OFF & _PWRTE_OFF & _MCLRE_OFF & _CP_OFF & _CPD_OFF & _BOR_OFF & _IESO_OFF &
                             _FCMEN_ON)
                      00022     
                      00023 RES_VECT  CODE    0x0000            ; processor reset vector
0000   018B           00024     CLRF    INTCON                  ; disable interrupts
0001   2???           00025     GOTO    START                   ; go to beginning of program
                      00026 
                      00027 Int_Handler CODE    0x0004
0004   0009           00028     RETFIE
                      00029 
  00000001            00030 PATTERN equ B'00000001'
  00000020            00031 SIZE_COL    equ .32
  00000008            00032 SIZE_B      equ .8
  0000000F            00033 MAX_COLORS  equ 0x0F                ;0-15 = 16 colors MASQUING LOGIC
  00000020            00034 ARRAY_START     equ 0x20
                      00035 ;SECTION JUST USED WHEN PRINTING
                      00036 ;MAY BE REUSED ONLY FOR TEMPORAL USE
  00000060            00037 COLUMN_INDEX    equ 0x60
  00000061            00038 CURRENT_COLUMN  equ 0x61
  00000062            00039 CURRENT_COLUMN_INDEX    equ 0x62
  00000063            00040 TABLE_TEMPORAL  equ 0x63
  00000064            00041 CURRENT_COLOR   equ 0x64
  00000065            00042 INDEXED_COLOR   equ 0x65
MPASM 5.82  /HOME/GUGO/MPLABXPROJECTS/PIC-LE   1-28-2019  22:27:06         PAGE  2


LOC  OBJECT CODE     LINE SOURCE TEXT
  VALUE

  00000066            00043 TEMP_COLOR      equ 0x66
  00000067            00044 DISPLAY_COLOR   equ 0x67
  00000068            00045 CURRENT_DISPLAY_INDEX   equ 0x68
                      00046 
                      00047 ;REUSE FOR REVERSE
  00000060            00048 REVERSE_TEMP    equ 0x60
  00000061            00049 REVERSE_RET     equ 0x61
  00000062            00050 REVERSE_COUNT   equ 0x62
                      00051 
  00000003            00052 MAX_ROTATIONS  equ      0x03                ;0-3 = 4 MAQUING ROTATIONS
                      00053 ;REUSE FOR GET_PIECES
  00000060            00054 PIECE_TEMP      equ 0x60
  00000061            00055 SIZE_TEMP       equ 0x61
  00000062            00056 PIECE_START     equ 0x62
  00000063            00057 PIECE_TABLE     equ 0x63
                      00058 
                      00059         
                      00060 ;COMMONS BECAUSE BETWEEN 0x70-0x7F
  0000007F            00061 LAST_STATE  equ 0x7F    ;RB4,RB5,RB6,RB7 0xf0
  0000007E            00062 TEMP_STATE  equ 0x7E
  0000007D            00063 LAST_POS_X  equ 0x7D
  0000007C            00064 LAST_POS_Y  equ 0x7C
  0000007B            00065 PIECE_SIZE  equ 0x7B
  0000007A            00066 PIECE_3     equ 0x7A
  00000079            00067 PIECE_2     equ 0x79
  00000078            00068 PIECE_1     equ 0x78
  00000077            00069 PIECE_0     equ 0x77
  00000076            00070 PIECE_TYPE  equ 0x76
  00000075            00071 hiB         equ 0x75
  00000074            00072 lowB        equ 0x74
  00000073            00073 TEMP_REG    equ 0x73
                      00074   
                      00075 ;MAP OF DISPLAY MEMORY, MUST NOT REUSE
                      00076     cblock 0x20 ; 0x20 - 0x5F = 64 BYTES 
  00000020            00077         B0,C0,B1,C1,B2,C2,B3,C3,B4,C4,B5,C5,B6,C6,B7,C7
  00000030            00078         B8,C8,B9,C9,B10,C10,B11,C11,B12,C12,B13,C13,B14,C14,B15,C15
  00000040            00079         B16,C16,B17,C17,B18,C18,B19,C19,B20,C20,B21,C21,B22,C22,B23,C23
  00000050            00080         B24,C24,B25,C25,B26,C26,B27,C27,B28,C28,B29,C29,B30,C30,B31,C31
                      00081     endc
                      00082 
                      00083 ;COLORS_GREEN dt        0x00,0x20,0x00,0x00,0x20,0x20,0x00,0x20,0x10,0x00,0x00,0x10,0x10,0x00,0x20,0x00
                      00084 ;COLORS_RED dt  0x00,0x00,0x20,0x00,0x20,0x00,0x20,0x20,0x00,0x10,0x00,0x10,0x00,0x10,0x10,0x10
                      00085 ;COLORS_BLUE dt 0x00,0x00,0x00,0x20,0x00,0x20,0x20,0x20,0x00,0x00,0x10,0x00,0x10,0x10,0x00,0x20
                      00086     
                      00087 ;COLORS In 1/4 of brightness, overheating issues with the leds
0005   3400 3420 3410 00088 COLORS_RED   dt 0x00,0x20,0x10,0x08,0x20,0x10,0x20,0x10,0x00,0x00,0x00,0x00,0x00,0x00,0x08,0x08
       3408 3420 3410 
       3420 3410 3400 
       3400 3400 3400 
       3400 3400 3408 
       3408 
0015   3400 3420 3410 00089 COLORS_GREEN dt 0x00,0x20,0x10,0x08,0x00,0x00,0x20,0x10,0x20,0x10,0x20,0x10,0x00,0x00,0x00,0x00
       3408 3400 3400 
MPASM 5.82  /HOME/GUGO/MPLABXPROJECTS/PIC-LE   1-28-2019  22:27:06         PAGE  3


LOC  OBJECT CODE     LINE SOURCE TEXT
  VALUE

       3420 3410 3420 
       3410 3420 3410 
       3400 3400 3400 
       3400 
0025   3400 3420 3410 00090 COLORS_BLUE  dt 0x00,0x20,0x10,0x08,0x00,0x00,0x00,0x00,0x00,0x00,0x20,0x10,0x20,0x20,0x20,0x10
       3408 3400 3400 
       3400 3400 3400 
       3400 3420 3410 
       3420 3420 3420 
       3410 
  00000000            00091 COLOR_BLACK equ 0x00 ; POSITION OF BLACK
                      00092  
                      00093 ;LISTA DE BLOQUES
                      00094  
                      00095 ;ORDER: LI,S,L,IL,T,Z,IZ
0035                  00096 BLOCK_ROTATIONS
                      00097     ;LINE
0035   340F           00098     RETLW 0x0F
                      00099     
0036   3401           00100     RETLW 0x01
0037   3401           00101     RETLW 0x01
0038   3401           00102     RETLW 0x01
0039   3401           00103     RETLW 0x01
                      00104     
003A   340F           00105     RETLW 0x0F
                      00106     
003B   3401           00107     RETLW 0x01
003C   3401           00108     RETLW 0x01
003D   3401           00109     RETLW 0x01
003E   3401           00110     RETLW 0x01
                      00111     
                      00112     ;SQUARE
003F   3403           00113     RETLW 0x03
0040   3403           00114     RETLW 0x03
                      00115     
0041   3403           00116     RETLW 0x03
0042   3403           00117     RETLW 0x03
                      00118     
0043   3403           00119     RETLW 0x03
0044   3403           00120     RETLW 0x03
                      00121     
0045   3403           00122     RETLW 0x03
0046   3403           00123     RETLW 0x03
                      00124     
                      00125     ;L
0047   3401           00126     RETLW 0x01
0048   3401           00127     RETLW 0x01
0049   3403           00128     RETLW 0x03
                      00129     
004A   3404           00130     RETLW 0x04
004B   3407           00131     RETLW 0x07
                      00132     
004C   3403           00133     RETLW 0x03
MPASM 5.82  /HOME/GUGO/MPLABXPROJECTS/PIC-LE   1-28-2019  22:27:06         PAGE  4


LOC  OBJECT CODE     LINE SOURCE TEXT
  VALUE

004D   3402           00134     RETLW 0x02
004E   3402           00135     RETLW 0x02
                      00136     
004F   3407           00137     RETLW 0x07
0050   3401           00138     RETLW 0x01
                      00139     
                      00140     ;IL
0051   3402           00141     RETLW 0x02
0052   3402           00142     RETLW 0x02
0053   3403           00143     RETLW 0x03
                      00144     
0054   3407           00145     RETLW 0x07
0055   3404           00146     RETLW 0x04
                      00147     
0056   3403           00148     RETLW 0x03
0057   3401           00149     RETLW 0x01
0058   3401           00150     RETLW 0x01
                      00151     
0059   3401           00152     RETLW 0x01
005A   3407           00153     RETLW 0x07
                      00154     
                      00155     ;T
005B   3402           00156     RETLW 0x02
005C   3407           00157     RETLW 0x07
                      00158     
005D   3402           00159     RETLW 0x02
005E   3403           00160     RETLW 0x03
005F   3402           00161     RETLW 0x02
                      00162     
0060   3407           00163     RETLW 0x07
0061   3402           00164     RETLW 0x02
                      00165     
0062   3401           00166     RETLW 0x01
0063   3403           00167     RETLW 0x03
0064   3401           00168     RETLW 0x01
                      00169     
                      00170     ;Z
0065   3403           00171     RETLW 0x03
0066   3406           00172     RETLW 0x06
                      00173     
0067   3402           00174     RETLW 0x02
0068   3403           00175     RETLW 0x03
0069   3401           00176     RETLW 0x01
                      00177     
006A   3403           00178     RETLW 0x03
006B   3406           00179     RETLW 0x06
                      00180     
006C   3402           00181     RETLW 0x02
006D   3403           00182     RETLW 0x03
006E   3401           00183     RETLW 0x01
                      00184     
                      00185     ;IZ
006F   3406           00186     RETLW 0x06
MPASM 5.82  /HOME/GUGO/MPLABXPROJECTS/PIC-LE   1-28-2019  22:27:06         PAGE  5


LOC  OBJECT CODE     LINE SOURCE TEXT
  VALUE

0070   3403           00187     RETLW 0x03
                      00188     
0071   3401           00189     RETLW 0x01
0072   3403           00190     RETLW 0x03
0073   3402           00191     RETLW 0x02
                      00192     
0074   3406           00193     RETLW 0x06
0075   3403           00194     RETLW 0x03
                      00195     
0076   3401           00196     RETLW 0x01
0077   3403           00197     RETLW 0x03
0078   3402           00198     RETLW 0x02
                      00199 
0079   3401 3404 3401 00200 BLOCK_SIZES     dt  0x01,0x04,0x01,0x04,    0x02, 0x02, 0x02, 0x02      ;LI,S
       3404 3402 3402 
       3402 3402 
0081   3403 3402 3403 00201                 dt  0x03,0x02,0x03,0x02,    0x03,0x02,0x03,0x02         ;L,IL
       3402 3403 3402 
       3403 3402 
0089   3402 3403 3402 00202                 dt  0x02,0x03,0x02,0x03,    0x02,0x03, 0x02,0x03        ;T,Z
       3403 3402 3403 
       3402 3403 
0091   3402 3403 3402 00203                 dt  0x02,0x03, 0x02,0x03                                ;IZ
       3403 
0095   3400 3401 3405 00204 BLOCK_STARTS    dt  0x00,0x01,0x05,0x06,    0x0a, 0x0c, 0x0e, 0x10      ;LI,S
       3406 340A 340C 
       340E 3410 
009D   3412 3415 3417 00205                 dt  0x12,0x15,0x17,0x1a,    0x1c,0x1f,0x21,0x24         ;L,IL
       341A 341C 341F 
       3421 3424 
00A5   3426 3428 342B 00206                 dt  0x26,0x28,0x2b,0x2d,    0x30,0x32, 0x35,0x37        ;T,Z
       342D 3430 3432 
       3435 3437 
00AD   343A 343C 343F 00207                 dt  0x3a,0x3c, 0x3f,0x41                                ;IZ
       3441 
                      00208                     
00B1                  00209 GET_SIZE
00B1   00E3           00210     MOVWF   PIECE_TABLE         ;PUT INDEX OUT OF WAY
00B2   30??           00211     MOVLW   HIGH BLOCK_SIZES    ;GET HIGH PART OF TABLE
00B3   008A           00212     MOVWF   PCLATH              ;SET PAG
00B4   0863           00213     MOVF    PIECE_TABLE,W       ;RECOVER INDEX
00B5   3E??           00214     ADDLW   BLOCK_SIZES         ;ADD LOW
00B6   1803           00215     BTFSC   STATUS,C            ;CHECK IF ROLLOVER, 1 MAX, table size 256 (0-255)
00B7   0A8A           00216     INCF    PCLATH,F
00B8   0082           00217     MOVWF   PCL
                      00218 
00B9                  00219 GET_PIECE_START
00B9   00E3           00220     MOVWF   PIECE_TABLE         ;PUT INDEX OUT OF WAY
00BA   30??           00221     MOVLW   HIGH BLOCK_STARTS   ;GET HIGH PART OF TABLE
00BB   008A           00222     MOVWF   PCLATH              ;SET PAG
00BC   0863           00223     MOVF    PIECE_TABLE,W       ;RECOVER INDEX
00BD   3E??           00224     ADDLW   BLOCK_STARTS        ;ADD LOW
00BE   1803           00225     BTFSC   STATUS,C            ;CHECK IF ROLLOVER, 1 MAX, table size 256 (0-255)
MPASM 5.82  /HOME/GUGO/MPLABXPROJECTS/PIC-LE   1-28-2019  22:27:06         PAGE  6


LOC  OBJECT CODE     LINE SOURCE TEXT
  VALUE

00BF   0A8A           00226     INCF    PCLATH,F
00C0   0082           00227     MOVWF   PCL
                      00228     
00C1                  00229 GET_PIECE_ROTATION
00C1   30??           00230     MOVLW   HIGH BLOCK_ROTATIONS    ;GET HIGH PART OF TABLE
00C2   008A           00231     MOVWF   PCLATH                  ;SET PAG
00C3   0862           00232     MOVF    PIECE_START,W           ;RECOVER INDEX
00C4   3E??           00233     ADDLW   BLOCK_ROTATIONS         ;ADD LOW
00C5   1803           00234     BTFSC   STATUS,C                ;CHECK IF ROLLOVER, 1 MAX, table size 256 (0-255)
00C6   0A8A           00235     INCF    PCLATH,F
00C7   0082           00236     MOVWF   PCL
                      00237 
00C8                  00238 GET_PIECE
00C8   0876           00239     MOVF    PIECE_TYPE,W
00C9   391F           00240     ANDLW   0x1F                ;MAX 32
00CA   00E0           00241     MOVWF   PIECE_TEMP          ;ACTUAL PIECE I WANT, ROTATION INCLUDED
                      00242     
00CB   2???           00243     CALL    GET_SIZE            ;SIZE OF PIECE
00CC   00FB           00244     MOVWF   PIECE_SIZE
00CD   00E1           00245     MOVWF   SIZE_TEMP
                      00246     
00CE   0860           00247     MOVF    PIECE_TEMP,W
00CF   2???           00248     CALL    GET_PIECE_START     ;WHERE IT STARTS
00D0   00E2           00249     MOVWF   PIECE_START         
                      00250     
00D1   3077           00251     MOVLW   PIECE_0
00D2   0084           00252     MOVWF   FSR
                      00253     
Warning[207]: Found label after column 1. (GET_PIECE_LOOP)
00D3                  00254     GET_PIECE_LOOP
00D3   2???           00255         CALL    GET_PIECE_ROTATION
00D4   0080           00256         MOVWF   INDF
00D5   0A84           00257         INCF    FSR,F
00D6   0AE2           00258         INCF    PIECE_START,F
00D7   0BE1           00259         DECFSZ  SIZE_TEMP,F
00D8   2???           00260         GOTO    GET_PIECE_LOOP
                      00261         
00D9   3400           00262     RETLW   0x00
                      00263     
00DA                  00264 ROTATE  
00DA   0876           00265     MOVF    PIECE_TYPE,W
00DB   3903           00266     ANDLW   0x03
00DC   3A03           00267     XORLW   0x03            ;1 xor 1 is 0, so if all 2 low bits are 1 then
00DD   1903           00268     BTFSC   STATUS,Z        ; i need to reset to 0, otherwise if 0 is clear
00DE   2???           00269     GOTO    ROTATION_RESET  ;just add 1
                      00270     
00DF   0AF6           00271     INCF    PIECE_TYPE,F    ;
00E0   3400           00272     RETLW   0x00
                      00273     
Warning[207]: Found label after column 1. (ROTATION_RESET)
00E1                  00274     ROTATION_RESET
00E1   0876           00275     MOVF    PIECE_TYPE,W    ;Get the number and and it with all but 2 lowest
00E2   39FC           00276     ANDLW   0xFC            ;Put back where it came from
MPASM 5.82  /HOME/GUGO/MPLABXPROJECTS/PIC-LE   1-28-2019  22:27:06         PAGE  7


LOC  OBJECT CODE     LINE SOURCE TEXT
  VALUE

00E3   00F6           00277     MOVWF   PIECE_TYPE
00E4   3400           00278     RETLW   0x00
00E5                  00279 LEFT    
00E5   08FD           00280     MOVF    LAST_POS_X,F
00E6   1D03           00281     BTFSS   STATUS,Z
00E7   03FD           00282     DECF    LAST_POS_X,F
00E8   3400           00283     RETLW   0x00
00E9                  00284 DOWN    
00E9   0AF6           00285     INCF    PIECE_TYPE,F
00EA   3400           00286     RETLW   0x00
00EB                  00287 RIGHT
00EB   087D           00288     MOVF    LAST_POS_X,W
00EC   3A07           00289     XORLW   0x07
00ED   1D03           00290     BTFSS   STATUS,Z
00EE   0AFD           00291     INCF    LAST_POS_X,F
00EF   3400           00292     RETLW   0x00
                      00293 
00F0                  00294 PRINT_PIECE     
00F0   0876           00295     MOVF    PIECE_TYPE,W
00F1   087C           00296     MOVF    LAST_POS_Y,W
                      00297     
00F2   087B           00298     MOVF    PIECE_SIZE,W
00F3   00E1           00299     MOVWF   SIZE_TEMP
Warning[207]: Found label after column 1. (PRINT_PIECE_LOOP)
00F4                  00300     PRINT_PIECE_LOOP
                      00301         ;RECOVER CURRENT PIECE INTO PIECE_TEMP
00F4   3076           00302         MOVLW   PIECE_0-1       ;REMOVE 1 FROM MEMORY
00F5   0761           00303         ADDWF   SIZE_TEMP,W     ;SIZE 0 IS 1
00F6   0084           00304         MOVWF   FSR
00F7   0800           00305         MOVF    INDF,W
00F8   00E0           00306         MOVWF   PIECE_TEMP
                      00307         ;MOVE TO MEMORY WHERE NEEDED
00F9   087C           00308         MOVF    LAST_POS_Y,W
00FA   0761           00309         ADDWF   SIZE_TEMP,W
00FB   0084           00310         MOVWF   FSR
00FC   0860           00311         MOVF    PIECE_TEMP,W
00FD   1804           00312         BTFSC   FSR,0
00FE   2???           00313         CALL    REVERSE_BYTE
00FF   0080           00314         MOVWF   INDF
                      00315         
0100   0BE1           00316         DECFSZ  SIZE_TEMP,F
0101   2???           00317         GOTO    PRINT_PIECE_LOOP
0102   0008           00318     RETURN
0103   0875           00319 RANDOM       MOVF   hiB,W                 ; First, ensure that hiB and lowB aren't
0104   0474           00320              IORWF  lowB,W               ; all zeros. If they are, NOT hiB to FFh.
0105   1903           00321              BTFSC  STATUS,Z             ; Otherwise, leave hiB and lowB as is.
0106   09F5           00322              COMF   hiB,F                  
0107   3080           00323              MOVLW  0x80                 ; We want to XOR hiB.7, hiB.6, hiB.4
0108   1B75           00324              BTFSC  hiB,d'6'             ; and lowB.3 together in W. Rather than
0109   06F5           00325              XORWF  hiB,F                  ; try to line up these bits, we just
010A   1A75           00326              BTFSC  hiB,d'4'             ; check to see whether a bit is a 1. If it
010B   06F5           00327              XORWF  hiB ,F                 ; is, XOR 80h into hiB. If it isn't,
010C   19F4           00328              BTFSC  lowB,d'3'            ; do nothing. When we're done, the
MPASM 5.82  /HOME/GUGO/MPLABXPROJECTS/PIC-LE   1-28-2019  22:27:06         PAGE  8


LOC  OBJECT CODE     LINE SOURCE TEXT
  VALUE

010D   06F5           00329              XORWF  hiB,F                  ; XOR of the 4 bits will be in hiB.7.
010E   0D75           00330              RLF    hiB,W                  ; Move hiB.7 into carry. 
010F   0DF4           00331              RLF    lowB,F                   ; Rotate c into lowB.0, lowB.7 into c. 
0110   0DF5           00332              RLF    hiB,F                    ; Rotate c into hiB.0. 
0111   0874           00333              MOVF   lowB,W
0112   0008           00334              RETURN
                      00335              
0113                  00336 REVERSE_BYTE
0113   00E0           00337     MOVWF   REVERSE_TEMP
0114   3008           00338     MOVLW   0x08
0115   00E2           00339     MOVWF   REVERSE_COUNT
Warning[207]: Found label after column 1. (REVERSE_LOOP)
0116                  00340     REVERSE_LOOP
0116   0CE0           00341         RRF         REVERSE_TEMP,F
0117   0DE1           00342         RLF         REVERSE_RET,F
0118   0BE2           00343         DECFSZ  REVERSE_COUNT,F
0119   2???           00344         GOTO REVERSE_LOOP
011A   0861           00345     MOVF    REVERSE_RET,W
011B   0008           00346     RETURN
                      00347     
                      00348     
011C                  00349 GET_GREEN
011C   00E3           00350     MOVWF   TABLE_TEMPORAL      ;PUT INDEX OUT OF WAY
011D   30??           00351     MOVLW   HIGH COLORS_GREEN   ;GET HIGH PART OF TABLE
011E   008A           00352     MOVWF   PCLATH              ;SET PAG
011F   0863           00353     MOVF    TABLE_TEMPORAL,W    ;RECOVER INDEX
0120   390F           00354     ANDLW   MAX_COLORS          ;GET MAX 16
0121   3E??           00355     ADDLW   COLORS_GREEN        ;ADD LOW
0122   1803           00356     BTFSC   STATUS,C            ;CHECK IF ROLLOVER, 1 MAX, table size 256 (0-255)
0123   0A8A           00357     INCF    PCLATH,F
0124   0082           00358     MOVWF   PCL
0125                  00359 GET_RED
0125   00E3           00360     MOVWF   TABLE_TEMPORAL      ;PUT INDEX OUT OF WAY
0126   30??           00361     MOVLW   HIGH COLORS_RED     ;GET HIGH PART OF TABLE
0127   008A           00362     MOVWF   PCLATH              ;SET PAGE
0128   0863           00363     MOVF    TABLE_TEMPORAL,W    ;RECOVER INDEX
0129   390F           00364     ANDLW   MAX_COLORS          ;GET MAX 16
012A   3E??           00365     ADDLW   COLORS_RED          ;ADD LOW
012B   1803           00366     BTFSC   STATUS,C            ;CHECK IF ROLLOVER, 1 MAX, table size 256 (0-255)
012C   0A8A           00367     INCF    PCLATH,F
012D   0082           00368     MOVWF   PCL
012E                  00369 GET_BLUE
012E   00E3           00370     MOVWF   TABLE_TEMPORAL      ;PUT INDEX OUT OF WAY
012F   30??           00371     MOVLW   HIGH COLORS_BLUE    ;GET HIGH PART OF TABLE
0130   008A           00372     MOVWF   PCLATH              ;SET PAGE
0131   0863           00373     MOVF    TABLE_TEMPORAL,W    ;RECOVER INDEX
0132   390F           00374     ANDLW   MAX_COLORS          ;GET MAX 16
0133   3E??           00375     ADDLW   COLORS_BLUE         ;ADD LOW
0134   1803           00376     BTFSC   STATUS,C            ;CHECK IF ROLLOVER, 1 MAX, table size 256 (0-255)
0135   0A8A           00377     INCF    PCLATH,F
0136   0082           00378     MOVWF   PCL
                      00379     
                      00380     
MPASM 5.82  /HOME/GUGO/MPLABXPROJECTS/PIC-LE   1-28-2019  22:27:06         PAGE  9


LOC  OBJECT CODE     LINE SOURCE TEXT
  VALUE

0137                  00381 PRINT_SCREEN                        ; Only works on bank 0 or 2
0137   1787           00382     BSF PORTC,RC7                   ; SET OUTPUT HIGH, START RESET
0138   3050           00383     MOVLW   .80
0139   00E1           00384     MOVWF   CURRENT_COLUMN
Warning[207]: Found label after column 1. (SEND_RESET_HIGH)
013A                  00385     SEND_RESET_HIGH                         ; Reset >50 microseconds
013A   0BE1           00386         DECFSZ  CURRENT_COLUMN,F            ; Tnstruction 0.4 * 3 (AMOUNT INST) 10MHz
013B   2???           00387         GOTO SEND_RESET_HIGH                ;  = 1.2 microseconds
                      00388         
013C   1387           00389     BCF PORTC,RC7                   ; SET OUTPUT LOW, START RESET
013D   3050           00390     MOVLW   .80
013E   00E1           00391     MOVWF   CURRENT_COLUMN
Warning[207]: Found label after column 1. (SEND_RESET)
013F                  00392     SEND_RESET                      ; Reset >50 microseconds
013F   0BE1           00393         DECFSZ  CURRENT_COLUMN,F            ; Tnstruction 0.4 * 3 (AMOUNT INST) 10MHz
0140   2???           00394         GOTO SEND_RESET             ;  = 1.2 microseconds
                      00395         
                      00396         
                      00397     ;BSF        PORTC,RC6
0141   0000           00398                 NOP
0142   0000           00399                 NOP
0143   0000           00400                 NOP
0144   0000           00401                 NOP
0145   0000           00402                 NOP
0146   0000           00403                 NOP
0147   0000           00404                 NOP
0148   0000           00405                 NOP
0149   0000           00406                 NOP
014A   0000           00407                 NOP
014B   0000           00408                 NOP
014C   0000           00409                 NOP        
                      00410     ;BCF        PORTC,RC6
                      00411         
                      00412         
014D   3020           00413     MOVLW   ARRAY_START             ; START INDIRECT ACCES TO FIRST WORD
014E   0084           00414     MOVWF   FSR                     
                      00415     
014F   3020           00416     MOVLW   SIZE_COL
0150   00E0           00417     MOVWF   COLUMN_INDEX
Warning[207]: Found label after column 1. (COLUMN_LOOP)
0151                  00418     COLUMN_LOOP
0151   3008           00419         MOVLW   SIZE_B
0152   00E2           00420         MOVWF   CURRENT_COLUMN_INDEX
                      00421         
0153   0800           00422         MOVF    INDF,W
0154   00E1           00423         MOVWF   CURRENT_COLUMN      ;LED PATTERN
0155   0A84           00424         INCF    FSR,F
                      00425         
0156   0800           00426         MOVF    INDF,W
0157   00E4           00427         MOVWF   CURRENT_COLOR       ;LED COLOR
0158   0A84           00428         INCF    FSR,F
                      00429         
Warning[207]: Found label after column 1. (COLUMN_BIT)
MPASM 5.82  /HOME/GUGO/MPLABXPROJECTS/PIC-LE   1-28-2019  22:27:06         PAGE 10


LOC  OBJECT CODE     LINE SOURCE TEXT
  VALUE

0159                  00430         COLUMN_BIT
0159   0864           00431         MOVF    CURRENT_COLOR,W
015A   1FE1           00432         BTFSS   CURRENT_COLUMN,7        ; IF CURRENT POSITIOS IS ON
015B   3000           00433         MOVLW   COLOR_BLACK
015C   00E6           00434         MOVWF   TEMP_COLOR
                      00435             
015D   0000           00436             NOP
015E   0000           00437             NOP
015F   0000           00438             NOP
0160   0000           00439             NOP
0161   0000           00440             NOP
0162   0000           00441             NOP
0163   0000           00442             NOP
0164   0000           00443             NOP
0165   0000           00444             NOP
0166   0000           00445             NOP
0167   0000           00446             NOP
0168   0000           00447             NOP
0169   0000           00448             NOP
016A   0000           00449             NOP
                      00450             ;GREEN
016B   2???           00451             CALL    GET_GREEN
016C   00E7           00452             MOVWF   DISPLAY_COLOR
016D   3008           00453             MOVLW   SIZE_B
016E   00E8           00454             MOVWF   CURRENT_DISPLAY_INDEX
Warning[207]: Found label after column 1. (GREEN_LOOP)
016F                  00455             GREEN_LOOP
016F   1FE7           00456                 BTFSS   DISPLAY_COLOR,7 ; IF 0 HIGHEST BIT
0170   2???           00457                 GOTO    LOOP_GREEN_SHORT        ; GO TO SHORT
0171   1787           00458                 BSF         PORTC,RC7           ; LONG, 1
0172   0000           00459                 NOP
0173   0000           00460                 NOP
0174   0000           00461                 NOP
0175   1387           00462                 BCF         PORTC,RC7
0176   2???           00463                 GOTO    LOOP_GREEN_END
Warning[207]: Found label after column 1. (LOOP_GREEN_SHORT)
0177                  00464                 LOOP_GREEN_SHORT
0177   1787           00465                 BSF         PORTC,RC7           ; SHORT, 0
0178   1387           00466                 BCF         PORTC,RC7
Warning[207]: Found label after column 1. (LOOP_GREEN_END)
0179                  00467                 LOOP_GREEN_END
0179   0DE7           00468                 RLF     DISPLAY_COLOR,F
017A   0BE8           00469                 DECFSZ  CURRENT_DISPLAY_INDEX,F
017B   2???           00470                 GOTO GREEN_LOOP
                      00471             
017C   0000           00472             NOP
017D   0000           00473             NOP
017E   0000           00474             NOP
017F   0000           00475             NOP
0180   0000           00476             NOP
0181   0000           00477             NOP
0182   0000           00478             NOP
0183   0000           00479             NOP
MPASM 5.82  /HOME/GUGO/MPLABXPROJECTS/PIC-LE   1-28-2019  22:27:06         PAGE 11


LOC  OBJECT CODE     LINE SOURCE TEXT
  VALUE

0184   0000           00480             NOP
0185   0000           00481             NOP
0186   0000           00482             NOP
0187   0000           00483             NOP
0188   0000           00484             NOP
0189   0000           00485             NOP
018A   0000           00486             NOP
018B   0000           00487             NOP
                      00488                 
                      00489             ;RED
018C   0866           00490             MOVF    TEMP_COLOR,W
018D   2???           00491             CALL    GET_RED
018E   00E7           00492             MOVWF   DISPLAY_COLOR
018F   3008           00493             MOVLW   SIZE_B
0190   00E8           00494             MOVWF   CURRENT_DISPLAY_INDEX
Warning[207]: Found label after column 1. (RED_LOOP)
0191                  00495             RED_LOOP
0191   1FE7           00496                 BTFSS   DISPLAY_COLOR,7 ; IF 0 HIGHEST BIT
0192   2???           00497                 GOTO    LOOP_RED_SHORT  ; GO TO SHORT
0193   1787           00498                 BSF         PORTC,RC7           ; LONG, 1
0194   0000           00499                 NOP
0195   0000           00500                 NOP
0196   0000           00501                 NOP
0197   1387           00502                 BCF         PORTC,RC7
0198   2???           00503                 GOTO    LOOP_RED_END
Warning[207]: Found label after column 1. (LOOP_RED_SHORT)
0199                  00504                 LOOP_RED_SHORT
0199   1787           00505                 BSF         PORTC,RC7           ; SHORT, 0
019A   1387           00506                 BCF         PORTC,RC7
Warning[207]: Found label after column 1. (LOOP_RED_END)
019B                  00507                 LOOP_RED_END
019B   0DE7           00508                 RLF     DISPLAY_COLOR,F
019C   0BE8           00509                 DECFSZ  CURRENT_DISPLAY_INDEX,F
019D   2???           00510                 GOTO RED_LOOP
                      00511             
019E   0000           00512             NOP
019F   0000           00513             NOP
01A0   0000           00514             NOP
01A1   0000           00515             NOP
01A2   0000           00516             NOP
01A3   0000           00517             NOP
01A4   0000           00518             NOP
01A5   0000           00519             NOP
01A6   0000           00520             NOP
01A7   0000           00521             NOP
01A8   0000           00522             NOP
01A9   0000           00523             NOP
01AA   0000           00524             NOP
01AB   0000           00525             NOP
01AC   0000           00526             NOP
                      00527                 
                      00528             ;BLUE
01AD   0866           00529             MOVF    TEMP_COLOR,W
MPASM 5.82  /HOME/GUGO/MPLABXPROJECTS/PIC-LE   1-28-2019  22:27:06         PAGE 12


LOC  OBJECT CODE     LINE SOURCE TEXT
  VALUE

01AE   2???           00530             CALL    GET_BLUE
01AF   00E7           00531             MOVWF   DISPLAY_COLOR
01B0   3008           00532             MOVLW   SIZE_B
01B1   00E8           00533             MOVWF   CURRENT_DISPLAY_INDEX
Warning[207]: Found label after column 1. (BLUE_LOOP)
01B2                  00534             BLUE_LOOP
01B2   1FE7           00535                 BTFSS   DISPLAY_COLOR,7 ; IF 0 HIGHEST BIT
01B3   2???           00536                 GOTO    LOOP_BLUE_SHORT ; GO TO SHORT
01B4   1787           00537                 BSF         PORTC,RC7           ; LONG, 1
01B5   0000           00538                 NOP
01B6   0000           00539                 NOP
01B7   0000           00540                 NOP
01B8   1387           00541                 BCF         PORTC,RC7
01B9   2???           00542                 GOTO    LOOP_BLUE_END
Warning[207]: Found label after column 1. (LOOP_BLUE_SHORT)
01BA                  00543                 LOOP_BLUE_SHORT
01BA   1787           00544                 BSF         PORTC,RC7           ; SHORT, 0
01BB   1387           00545                 BCF         PORTC,RC7
Warning[207]: Found label after column 1. (LOOP_BLUE_END)
01BC                  00546                 LOOP_BLUE_END
01BC   0DE7           00547                 RLF     DISPLAY_COLOR,F
01BD   0BE8           00548                 DECFSZ  CURRENT_DISPLAY_INDEX,F
01BE   2???           00549                 GOTO BLUE_LOOP
                      00550                 
                      00551             ;BSF        PORTC,RC6          
                      00552             ;BCF        PORTC,RC6
01BF   0DE1           00553             RLF CURRENT_COLUMN,F
01C0   0BE2           00554             DECFSZ  CURRENT_COLUMN_INDEX,F
01C1   2???           00555             GOTO COLUMN_BIT
                      00556 
01C2   0BE0           00557         DECFSZ  COLUMN_INDEX,F
01C3   2???           00558         GOTO    COLUMN_LOOP
                      00559 
                      00560     ;BCF        PORTC,RC6
01C4   1787           00561     BSF PORTC,RC7       
01C5   0008           00562     RETURN
                      00563 
                      00564     
                      00565 MAIN_PROG CODE                      ; let linker place main program
                      00566 
0000                  00567 START
0000   1283 1703      00568     BANKSEL ANSEL
Message[302]: Register in operand not in bank 0.  Ensure that bank bits are correct.
0002   019E           00569     CLRF    ANSEL
Message[302]: Register in operand not in bank 0.  Ensure that bank bits are correct.
0003   019F           00570     CLRF    ANSELH
0004   1683 1303      00571     BANKSEL TRISC                   ; GOTO BANK
Message[302]: Register in operand not in bank 0.  Ensure that bank bits are correct.
0006   1307           00572     BCF TRISC,RC6       
Message[302]: Register in operand not in bank 0.  Ensure that bank bits are correct.
0007   1387           00573     BCF TRISC,RC7                   ; SET PINRC7 AS OUTPUT
0008   30F0           00574     MOVLW   0xF0
Message[302]: Register in operand not in bank 0.  Ensure that bank bits are correct.
MPASM 5.82  /HOME/GUGO/MPLABXPROJECTS/PIC-LE   1-28-2019  22:27:06         PAGE 13


LOC  OBJECT CODE     LINE SOURCE TEXT
  VALUE

0009   0086           00575     MOVWF   TRISB
                      00576     
000A   1683 1303      00577     BANKSEL OSCCON
Message[302]: Register in operand not in bank 0.  Ensure that bank bits are correct.
000C   018F           00578     clrf        OSCCON                  ; Internal clock to 31KHz & ext clock source
                      00579     
000D   1683 1303      00580     BANKSEL OSCCON                  ; OSCILATOR CONFIG
Message[302]: Register in operand not in bank 0.  Ensure that bank bits are correct.
000F   170F           00581     BSF OSCCON,IRCF2
Message[302]: Register in operand not in bank 0.  Ensure that bank bits are correct.
0010   168F           00582     BSF OSCCON,IRCF1
Message[302]: Register in operand not in bank 0.  Ensure that bank bits are correct.
0011   120F           00583     BCF OSCCON,IRCF0                ; SET OSCILATOR TO 4MHZ
                      00584     
Warning[207]: Found label after column 1. (STABILIZATION)
0012                  00585     STABILIZATION
Message[302]: Register in operand not in bank 0.  Ensure that bank bits are correct.
0012   1D0F           00586         BTFSS   OSCCON,HTS          ; JUST WAIT UNTIL FLAG OF STABILIZATION
0013   2???           00587         GOTO STABILIZATION
                      00588 
                      00589         
0014   1283 1303      00590     BANKSEL PORTC
                      00591     
0016   1787           00592     BSF PORTC,RC7                   ; SET OUTPUT HIGH
0017   01FC           00593     CLRF    LAST_POS_Y
                      00594     
0018   3020           00595     MOVLW   SIZE_COL                ; LOAD COUNTER TO ACUM
0019   00E1           00596     MOVWF   CURRENT_COLUMN          ; ACUM TO RAM
                      00597     
001A   1383           00598     BCF     STATUS,IRP              ; INDIRECT BANK 0,1
001B   3020           00599     MOVLW   ARRAY_START                     ; GET START POSITION OF COLUMNS
001C   0084           00600     MOVWF   FSR                     ; INDIRECT ADDRESSING TO START
                      00601     
                      00602     
Warning[207]: Found label after column 1. (INITIALIZE)
001D                  00603     INITIALIZE                      ; LOOP TO SET RAM
001D   3000           00604         MOVLW   0x00                ; COLUMNS ON
001E   0080           00605         MOVWF   INDF                ; FROM ACUM TO INDF COLUMNS ON AND OFF
001F   0A84           00606         INCF    FSR,F               ; INCREMENT INDIRECT TO INDIRECT
                      00607         
0020   3001           00608         MOVLW   0x01
0021   0080           00609         MOVWF   INDF                ; FROM ACUM TO INDF COLOR OF COLUMN
0022   0A84           00610         INCF    FSR,F               ; INCREMENT INDIRECT TO INDIRECT
                      00611         
0023   0BE1           00612         DECFSZ  CURRENT_COLUMN,F    ; DECREASE RAM COUNTER TO SELF
0024   2???           00613         GOTO    INITIALIZE
                      00614 
0025   3004           00615     MOVLW   0x04
0026   00FD           00616     MOVWF   LAST_POS_X
0027   00FC           00617     MOVWF   LAST_POS_Y
                      00618 
0028   3000           00619     MOVLW   0x00
0029   00F6           00620     MOVWF   PIECE_TYPE
MPASM 5.82  /HOME/GUGO/MPLABXPROJECTS/PIC-LE   1-28-2019  22:27:06         PAGE 14


LOC  OBJECT CODE     LINE SOURCE TEXT
  VALUE

                      00621     
Warning[207]: Found label after column 1. (LOGIC_LOOP)
002A                  00622     LOGIC_LOOP
002A   1707           00623         BSF     PORTC,RC6          
002B   1307           00624         BCF     PORTC,RC6
                      00625         
002C   300F           00626         MOVLW   0x0F
002D   00DE           00627         MOVWF   B31
002E   2???           00628         CALL    RANDOM
002F   00DF           00629         MOVWF   C31
                      00630 
0030   2???           00631         CALL    PRINT_SCREEN
                      00632         
0031   0806           00633         MOVF    PORTB,W
0032   00FE           00634         MOVWF   TEMP_STATE
                      00635         
0033   3980           00636         ANDLW   0x80            ;CHECK RC7
0034   00F3           00637         MOVWF   TEMP_REG
0035   087F           00638         MOVF    LAST_STATE,W
0036   3980           00639         ANDLW   0x80
0037   0673           00640         XORWF   TEMP_REG,W
0038   1D03           00641         BTFSS   STATUS,Z
0039   2???           00642         CALL    ROTATE
                      00643         
003A   087E           00644         MOVF    TEMP_STATE,W
003B   3940           00645         ANDLW   0x40            ;CHECK RC6
003C   00F3           00646         MOVWF   TEMP_REG
003D   087F           00647         MOVF    LAST_STATE,W
003E   3940           00648         ANDLW   0x40
003F   0673           00649         XORWF   TEMP_REG,W
0040   1D03           00650         BTFSS   STATUS,Z
0041   2???           00651         CALL    RIGHT
                      00652         
0042   087E           00653         MOVF    TEMP_STATE,W
0043   3920           00654         ANDLW   0x20            ;CHECK RC5
0044   00F3           00655         MOVWF   TEMP_REG
0045   087F           00656         MOVF    LAST_STATE,W
0046   3920           00657         ANDLW   0x20
0047   0673           00658         XORWF   TEMP_REG,W
0048   1D03           00659         BTFSS   STATUS,Z
0049   2???           00660         CALL    DOWN
                      00661         
004A   087E           00662         MOVF    TEMP_STATE,W
004B   3910           00663         ANDLW   0x10            ;CHECK RC4
004C   00F3           00664         MOVWF   TEMP_REG
004D   087F           00665         MOVF    LAST_STATE,W
004E   3910           00666         ANDLW   0x10
004F   0673           00667         XORWF   TEMP_REG,W
0050   1D03           00668         BTFSS   STATUS,Z
0051   2???           00669         CALL    LEFT
                      00670         
                      00671         ;CALL   PRINT_PIECE
                      00672         
MPASM 5.82  /HOME/GUGO/MPLABXPROJECTS/PIC-LE   1-28-2019  22:27:06         PAGE 15


LOC  OBJECT CODE     LINE SOURCE TEXT
  VALUE

0052   01F7           00673         CLRF    PIECE_0
0053   01F8           00674         CLRF    PIECE_1
0054   01F9           00675         CLRF    PIECE_2
0055   01FA           00676         CLRF    PIECE_3
0056   2???           00677         CALL    GET_PIECE
0057   0877           00678         MOVF    PIECE_0,W
0058   2???           00679         CALL    REVERSE_BYTE
0059   00A0           00680         MOVWF   B0
005A   0878           00681         MOVF    PIECE_1,W
005B   00A2           00682         MOVWF   B1
005C   0879           00683         MOVF    PIECE_2,W
005D   2???           00684         CALL    REVERSE_BYTE
005E   00A4           00685         MOVWF   B2
005F   087A           00686         MOVF    PIECE_3,W
0060   00A6           00687         MOVWF   B3
                      00688         
0061   087D           00689         MOVF    LAST_POS_X,W
0062   00DC           00690         MOVWF   B30
                      00691         
Warning[207]: Found label after column 1. (END_LOGIC)
0063                  00692         END_LOGIC
0063   087E           00693         MOVF    TEMP_STATE,W
0064   00FF           00694         MOVWF   LAST_STATE
0065   2???           00695         GOTO LOGIC_LOOP
Warning[205]: Found directive in column 1. (END)
38D2                  00696 END
MPASM 5.82  /HOME/GUGO/MPLABXPROJECTS/PIC-LE   1-28-2019  22:27:06         PAGE 16


SYMBOL TABLE
  LABEL                             VALUE 

ABDEN                             00000000
ABDOVF                            00000007
ADCON0                            0000001F
ADCON1                            0000009F
ADCS0                             00000004
ADCS1                             00000005
ADCS2                             00000006
ADDEN                             00000003
ADFM                              00000007
ADIE                              00000006
ADIF                              00000006
ADON                              00000000
ADRESH                            0000001E
ADRESL                            0000009E
ANS0                              00000000
ANS1                              00000001
ANS10                             00000002
ANS11                             00000003
ANS2                              00000002
ANS3                              00000003
ANS4                              00000004
ANS5                              00000005
ANS6                              00000006
ANS7                              00000007
ANS8                              00000000
ANS9                              00000001
ANSEL                             0000011E
ANSELH                            0000011F
ARRAY_START                       00000020
B0                                00000020
B1                                00000022
B10                               00000034
B11                               00000036
B12                               00000038
B13                               0000003A
B14                               0000003C
B15                               0000003E
B16                               00000040
B17                               00000042
B18                               00000044
B19                               00000046
B2                                00000024
B20                               00000048
B21                               0000004A
B22                               0000004C
B23                               0000004E
B24                               00000050
B25                               00000052
B26                               00000054
B27                               00000056
B28                               00000058
B29                               0000005A
B3                                00000026
MPASM 5.82  /HOME/GUGO/MPLABXPROJECTS/PIC-LE   1-28-2019  22:27:06         PAGE 17


SYMBOL TABLE
  LABEL                             VALUE 

B30                               0000005C
B31                               0000005E
B4                                00000028
B5                                0000002A
B6                                0000002C
B7                                0000002E
B8                                00000030
B9                                00000032
BAUDCTL                           0000009B
BF                                00000000
BLOCK_ROTATIONS                   00000035
BLOCK_SIZES                       00000079
BLOCK_STARTS                      00000095
BLUE_LOOP                         000001B2
BRG0                              00000000
BRG1                              00000001
BRG10                             00000002
BRG11                             00000003
BRG12                             00000004
BRG13                             00000005
BRG14                             00000006
BRG15                             00000007
BRG16                             00000003
BRG2                              00000002
BRG3                              00000003
BRG4                              00000004
BRG5                              00000005
BRG6                              00000006
BRG7                              00000007
BRG8                              00000000
BRG9                              00000001
BRGH                              00000002
C                                 00000000
C0                                00000021
C1                                00000023
C10                               00000035
C11                               00000037
C12                               00000039
C13                               0000003B
C14                               0000003D
C15                               0000003F
C16                               00000041
C17                               00000043
C18                               00000045
C19                               00000047
C1CH0                             00000000
C1CH1                             00000001
C1IE                              00000005
C1IF                              00000005
C1OE                              00000005
C1ON                              00000007
C1OUT                             00000006
C1POL                             00000004
MPASM 5.82  /HOME/GUGO/MPLABXPROJECTS/PIC-LE   1-28-2019  22:27:06         PAGE 18


SYMBOL TABLE
  LABEL                             VALUE 

C1R                               00000002
C1SEN                             00000005
C1VREN                            00000007
C2                                00000025
C20                               00000049
C21                               0000004B
C22                               0000004D
C23                               0000004F
C24                               00000051
C25                               00000053
C26                               00000055
C27                               00000057
C28                               00000059
C29                               0000005B
C2CH0                             00000000
C2CH1                             00000001
C2IE                              00000006
C2IF                              00000006
C2OE                              00000005
C2ON                              00000007
C2OUT                             00000006
C2POL                             00000004
C2R                               00000002
C2REN                             00000004
C2SYNC                            00000000
C2VREN                            00000006
C3                                00000027
C30                               0000005D
C31                               0000005F
C4                                00000029
C5                                0000002B
C6                                0000002D
C7                                0000002F
C8                                00000031
C9                                00000033
CCP1CON                           00000017
CCP1IE                            00000002
CCP1IF                            00000002
CCP1M0                            00000000
CCP1M1                            00000001
CCP1M2                            00000002
CCP1M3                            00000003
CCPR                              00000015
CCPR1H                            00000016
CCPR1L                            00000015
CHS0                              00000002
CHS1                              00000003
CHS2                              00000004
CHS3                              00000005
CKE                               00000006
CKP                               00000004
CM1CON0                           00000119
CM2CON0                           0000011A
MPASM 5.82  /HOME/GUGO/MPLABXPROJECTS/PIC-LE   1-28-2019  22:27:06         PAGE 19


SYMBOL TABLE
  LABEL                             VALUE 

CM2CON1                           0000011B
COLORS_BLUE                       00000025
COLORS_GREEN                      00000015
COLORS_RED                        00000005
COLOR_BLACK                       00000000
COLUMN_BIT                        00000159
COLUMN_INDEX                      00000060
COLUMN_LOOP                       00000151
CREN                              00000004
CSRC                              00000007
CURRENT_COLOR                     00000064
CURRENT_COLUMN                    00000061
CURRENT_COLUMN_INDEX              00000062
CURRENT_DISPLAY_INDEX             00000068
D                                 00000005
DATA_ADDRESS                      00000005
DC                                00000001
DC1B0                             00000004
DC1B1                             00000005
DISPLAY_COLOR                     00000067
DOWN                              000000E9
D_A                               00000005
D_NOT_A                           00000005
ECCPAS                            0000001D
ECCPAS0                           00000004
ECCPAS1                           00000005
ECCPAS2                           00000006
ECCPASE                           00000007
EEADR                             0000010D
EEADRH                            0000010F
EECON1                            0000018C
EECON2                            0000018D
EEDAT                             0000010C
EEDATA                            0000010C
EEDATH                            0000010E
EEIE                              00000004
EEIF                              00000004
EEPGD                             00000007
END_LOGIC                         00000063
F                                 00000001
FERR                              00000002
FSR                               00000004
GET_BLUE                          0000012E
GET_GREEN                         0000011C
GET_PIECE                         000000C8
GET_PIECE_LOOP                    000000D3
GET_PIECE_ROTATION                000000C1
GET_PIECE_START                   000000B9
GET_RED                           00000125
GET_SIZE                          000000B1
GIE                               00000007
GO                                00000001
GO_DONE                           00000001
MPASM 5.82  /HOME/GUGO/MPLABXPROJECTS/PIC-LE   1-28-2019  22:27:06         PAGE 20


SYMBOL TABLE
  LABEL                             VALUE 

GO_NOT_DONE                       00000001
GREEN_LOOP                        0000016F
HTS                               00000002
I2C_DATA                          00000005
I2C_READ                          00000002
I2C_START                         00000003
I2C_STOP                          00000004
INDEXED_COLOR                     00000065
INDF                              00000000
INITIALIZE                        0000001D
INTCON                            0000000B
INTE                              00000004
INTEDG                            00000006
INTF                              00000001
IOC                               00000096
IOC0                              00000000
IOC1                              00000001
IOC2                              00000002
IOC3                              00000003
IOC4                              00000004
IOC5                              00000005
IOCA                              00000096
IOCA0                             00000000
IOCA1                             00000001
IOCA2                             00000002
IOCA3                             00000003
IOCA4                             00000004
IOCA5                             00000005
IOCB                              00000116
IOCB4                             00000004
IOCB5                             00000005
IOCB6                             00000006
IOCB7                             00000007
IRCF0                             00000004
IRCF1                             00000005
IRCF2                             00000006
IRP                               00000007
LAST_POS_X                        0000007D
LAST_POS_Y                        0000007C
LAST_STATE                        0000007F
LEFT                              000000E5
LOGIC_LOOP                        0000002A
LOOP_BLUE_END                     000001BC
LOOP_BLUE_SHORT                   000001BA
LOOP_GREEN_END                    00000179
LOOP_GREEN_SHORT                  00000177
LOOP_RED_END                      0000019B
LOOP_RED_SHORT                    00000199
LTS                               00000001
MAX_COLORS                        0000000F
MAX_ROTATIONS                     00000003
MC1OUT                            00000007
MC2OUT                            00000006
MPASM 5.82  /HOME/GUGO/MPLABXPROJECTS/PIC-LE   1-28-2019  22:27:06         PAGE 21


SYMBOL TABLE
  LABEL                             VALUE 

MSK                               00000093
MSK0                              00000000
MSK1                              00000001
MSK2                              00000002
MSK3                              00000003
MSK4                              00000004
MSK5                              00000005
MSK6                              00000006
MSK7                              00000007
NOT_A                             00000005
NOT_ADDRESS                       00000005
NOT_BOR                           00000000
NOT_DONE                          00000001
NOT_PD                            00000003
NOT_POR                           00000001
NOT_RABPU                         00000007
NOT_T1SYNC                        00000002
NOT_TO                            00000004
NOT_W                             00000002
NOT_WRITE                         00000002
OERR                              00000001
OPTION_REG                        00000081
OSCCON                            0000008F
OSCTUNE                           00000090
OSFIE                             00000007
OSFIF                             00000007
OSTS                              00000003
P                                 00000004
P1M0                              00000006
P1M1                              00000007
PATTERN                           00000001
PCL                               00000002
PCLATH                            0000000A
PCON                              0000008E
PDC0                              00000000
PDC1                              00000001
PDC2                              00000002
PDC3                              00000003
PDC4                              00000004
PDC5                              00000005
PDC6                              00000006
PEIE                              00000006
PIE1                              0000008C
PIE2                              0000008D
PIECE_0                           00000077
PIECE_1                           00000078
PIECE_2                           00000079
PIECE_3                           0000007A
PIECE_SIZE                        0000007B
PIECE_START                       00000062
PIECE_TABLE                       00000063
PIECE_TEMP                        00000060
PIECE_TYPE                        00000076
MPASM 5.82  /HOME/GUGO/MPLABXPROJECTS/PIC-LE   1-28-2019  22:27:06         PAGE 22


SYMBOL TABLE
  LABEL                             VALUE 

PIR1                              0000000C
PIR2                              0000000D
PORTA                             00000005
PORTB                             00000006
PORTC                             00000007
PR2                               00000092
PRINT_PIECE                       000000F0
PRINT_PIECE_LOOP                  000000F4
PRINT_SCREEN                      00000137
PRSEN                             00000007
PS0                               00000000
PS1                               00000001
PS2                               00000002
PSA                               00000003
PSSAC0                            00000002
PSSAC1                            00000003
PSSBD0                            00000000
PSSBD1                            00000001
PSTRCON                           0000019D
PULSR                             00000002
PULSS                             00000003
PWM1CON                           0000001C
R                                 00000002
RA0                               00000000
RA1                               00000001
RA2                               00000002
RA3                               00000003
RA4                               00000004
RA5                               00000005
RABIE                             00000003
RABIF                             00000000
RANDOM                            00000103
RB4                               00000004
RB5                               00000005
RB6                               00000006
RB7                               00000007
RC0                               00000000
RC1                               00000001
RC2                               00000002
RC3                               00000003
RC4                               00000004
RC5                               00000005
RC6                               00000006
RC7                               00000007
RCIDL                             00000006
RCIE                              00000005
RCIF                              00000005
RCREG                             0000001A
RCSTA                             00000018
RD                                00000000
READ_WRITE                        00000002
RED_LOOP                          00000191
REVERSE_BYTE                      00000113
MPASM 5.82  /HOME/GUGO/MPLABXPROJECTS/PIC-LE   1-28-2019  22:27:06         PAGE 23


SYMBOL TABLE
  LABEL                             VALUE 

REVERSE_COUNT                     00000062
REVERSE_LOOP                      00000116
REVERSE_RET                       00000061
REVERSE_TEMP                      00000060
RIGHT                             000000EB
ROTATE                            000000DA
ROTATION_RESET                    000000E1
RP0                               00000005
RP1                               00000006
RX9                               00000006
RX9D                              00000000
R_NOT_W                           00000002
R_W                               00000002
S                                 00000003
SBOREN                            00000004
SCKP                              00000004
SCS                               00000000
SENB                              00000003
SENDB                             00000003
SEND_RESET                        0000013F
SEND_RESET_HIGH                   0000013A
SIZE_B                            00000008
SIZE_COL                          00000020
SIZE_TEMP                         00000061
SMP                               00000007
SPBRG                             00000099
SPBRGH                            0000009A
SPEN                              00000007
SR0                               00000006
SR1                               00000007
SRCON                             0000019E
SREN                              00000005
SSPADD                            00000093
SSPBUF                            00000013
SSPCON                            00000014
SSPEN                             00000005
SSPIE                             00000003
SSPIF                             00000003
SSPM0                             00000000
SSPM1                             00000001
SSPM2                             00000002
SSPM3                             00000003
SSPMSK                            00000093
SSPOV                             00000006
SSPSTAT                           00000094
STABILIZATION                     00000012
START                             00000000
STATUS                            00000003
STRA                              00000000
STRB                              00000001
STRC                              00000002
STRD                              00000003
STRSYNC                           00000004
MPASM 5.82  /HOME/GUGO/MPLABXPROJECTS/PIC-LE   1-28-2019  22:27:06         PAGE 24


SYMBOL TABLE
  LABEL                             VALUE 

SWDTEN                            00000000
SYNC                              00000004
T0CS                              00000005
T0IE                              00000005
T0IF                              00000002
T0SE                              00000004
T1CKPS0                           00000004
T1CKPS1                           00000005
T1CON                             00000010
T1GINV                            00000007
T1GSS                             00000001
T1IE                              00000000
T1IF                              00000000
T1OSCEN                           00000003
T2CKPS0                           00000000
T2CKPS1                           00000001
T2CON                             00000012
T2IE                              00000001
T2IF                              00000001
TABLE_TEMPORAL                    00000063
TEMP_COLOR                        00000066
TEMP_REG                          00000073
TEMP_STATE                        0000007E
TMR0                              00000001
TMR1                              0000000E
TMR1CS                            00000001
TMR1GE                            00000006
TMR1H                             0000000F
TMR1IE                            00000000
TMR1IF                            00000000
TMR1L                             0000000E
TMR1ON                            00000000
TMR2                              00000011
TMR2IE                            00000001
TMR2IF                            00000001
TMR2ON                            00000002
TOUTPS0                           00000003
TOUTPS1                           00000004
TOUTPS2                           00000005
TOUTPS3                           00000006
TRISA                             00000085
TRISA0                            00000000
TRISA1                            00000001
TRISA2                            00000002
TRISA3                            00000003
TRISA4                            00000004
TRISA5                            00000005
TRISB                             00000086
TRISB4                            00000004
TRISB5                            00000005
TRISB6                            00000006
TRISB7                            00000007
TRISC                             00000087
MPASM 5.82  /HOME/GUGO/MPLABXPROJECTS/PIC-LE   1-28-2019  22:27:06         PAGE 25


SYMBOL TABLE
  LABEL                             VALUE 

TRISC0                            00000000
TRISC1                            00000001
TRISC2                            00000002
TRISC3                            00000003
TRISC4                            00000004
TRISC5                            00000005
TRISC6                            00000006
TRISC7                            00000007
TRMT                              00000001
TUN0                              00000000
TUN1                              00000001
TUN2                              00000002
TUN3                              00000003
TUN4                              00000004
TX9                               00000006
TX9D                              00000000
TXEN                              00000005
TXIE                              00000004
TXIF                              00000004
TXREG                             00000019
TXSTA                             00000098
UA                                00000001
ULPWUE                            00000005
VCFG                              00000006
VP6EN                             00000004
VR0                               00000000
VR1                               00000001
VR2                               00000002
VR3                               00000003
VRCON                             00000118
VRR                               00000005
W                                 00000000
WCOL                              00000007
WDTCON                            00000097
WDTPS0                            00000001
WDTPS1                            00000002
WDTPS2                            00000003
WDTPS3                            00000004
WPU                               00000095
WPU0                              00000000
WPU1                              00000001
WPU2                              00000002
WPU4                              00000004
WPU5                              00000005
WPUA                              00000095
WPUA0                             00000000
WPUA1                             00000001
WPUA2                             00000002
WPUA4                             00000004
WPUA5                             00000005
WPUB                              00000115
WPUB4                             00000004
WPUB5                             00000005
MPASM 5.82  /HOME/GUGO/MPLABXPROJECTS/PIC-LE   1-28-2019  22:27:06         PAGE 26


SYMBOL TABLE
  LABEL                             VALUE 

WPUB6                             00000006
WPUB7                             00000007
WR                                00000001
WREN                              00000002
WRERR                             00000003
WUE                               00000001
Z                                 00000002
_BOD_NSLEEP                       00003EFF
_BOD_OFF                          00003CFF
_BOD_ON                           00003FFF
_BOD_SBODEN                       00003DFF
_BOREN_NSLEEP                     00003EFF
_BOREN_OFF                        00003CFF
_BOREN_ON                         00003FFF
_BOREN_SBODEN                     00003DFF
_BOR_NSLEEP                       00003EFF
_BOR_OFF                          00003CFF
_BOR_ON                           00003FFF
_BOR_SBODEN                       00003DFF
_CONFIG                           00002007
_CPD_OFF                          00003FFF
_CPD_ON                           00003F7F
_CP_OFF                           00003FFF
_CP_ON                            00003FBF
_DEVID1                           00002006
_EC_OSC                           00003FFB
_EXTRC                            00003FFF
_EXTRCIO                          00003FFE
_EXTRC_OSC_CLKOUT                 00003FFF
_EXTRC_OSC_NOCLKOUT               00003FFE
_FCMEN_OFF                        000037FF
_FCMEN_ON                         00003FFF
_FOSC_EC                          00003FFB
_FOSC_EXTRCCLK                    00003FFF
_FOSC_EXTRCIO                     00003FFE
_FOSC_HS                          00003FFA
_FOSC_INTRCCLK                    00003FFD
_FOSC_INTRCIO                     00003FFC
_FOSC_LP                          00003FF8
_FOSC_XT                          00003FF9
_HS_OSC                           00003FFA
_IDLOC0                           00002000
_IDLOC1                           00002001
_IDLOC2                           00002002
_IDLOC3                           00002003
_IESO_OFF                         00003BFF
_IESO_ON                          00003FFF
_INTOSC                           00003FFD
_INTOSCIO                         00003FFC
_INTRC_OSC_CLKOUT                 00003FFD
_INTRC_OSC_NOCLKOUT               00003FFC
_LP_OSC                           00003FF8
_MCLRE_OFF                        00003FDF
MPASM 5.82  /HOME/GUGO/MPLABXPROJECTS/PIC-LE   1-28-2019  22:27:06         PAGE 27


SYMBOL TABLE
  LABEL                             VALUE 

_MCLRE_ON                         00003FFF
_PWRTE_OFF                        00003FFF
_PWRTE_ON                         00003FEF
_WDTE_OFF                         00003FF7
_WDTE_ON                          00003FFF
_WDT_OFF                          00003FF7
_WDT_ON                           00003FFF
_XT_OSC                           00003FF9
__16F690                          00000001
hiB                               00000075
lowB                              00000074

Errors   :     0
Warnings :    22 reported,     0 suppressed
Messages :    10 reported,     0 suppressed

